<?xml version="1.0" encoding="UTF-8"?>
<beans xmlns="http://www.springframework.org/schema/beans"
    xmlns:xsi="http://www.w3.org/2001/XMLSchema-instance"
    xmlns:context="http://www.springframework.org/schema/context"
    xmlns:mybatis-spring="http://mybatis.org/schema/mybatis-spring"
    xmlns:cache="http://www.springframework.org/schema/cache"       xmlns:tx="http://www.springframework.org/schema/tx"             xsi:schemaLocation="http://www.springframework.org/schema/beans https://www.springframework.org/schema/beans/spring-beans.xsd
        http://www.springframework.org/schema/context http://www.springframework.org/schema/context/spring-context-4.3.xsd
        http://mybatis.org/schema/mybatis-spring http://mybatis.org/schema/mybatis-spring-1.2.xsd
        http://www.springframework.org/schema/cache http://www.springframework.org/schema/cache/spring-cache.xsd   http://www.springframework.org/schema/tx http://www.springframework.org/schema/tx/spring-tx-4.3.xsd">       <bean id="hikariConfig" class="com.zaxxer.hikari.HikariConfig">
        <property name="driverClassName" value="net.sf.log4jdbc.sql.jdbcapi.DriverSpy" />
        <property name="jdbcUrl" value="jdbc:log4jdbc:oracle:thin:@localhost:1521:xe" />
        <property name="username" value="vibesync" />
        <property name="password" value="1234" />
    </bean>

    <bean id="dataSource" class="com.zaxxer.hikari.HikariDataSource" destroy-method="close">
        <constructor-arg ref="hikariConfig" />
    </bean>

    <bean id="sqlSessionFactoryBean" class="org.mybatis.spring.SqlSessionFactoryBean">
        <property name="dataSource" ref="dataSource" />
        <property name="configLocation" value="classpath:/mybatis-config.xml" />
        <property name="mapperLocations" value="classpath:com/vibesync/mapper/**/*Mapper.xml" />
    </bean>

    <mybatis-spring:scan base-package="com.vibesync" annotation="org.apache.ibatis.annotations.Mapper" />

    <context:component-scan base-package="com.vibesync">
        <context:exclude-filter type="annotation" expression="org.springframework.stereotype.Controller"/>
        <context:exclude-filter type="annotation" expression="org.springframework.web.bind.annotation.ControllerAdvice"/>
        <context:exclude-filter type="regex" expression="com\.vibesync\.web\.controller\..*"/>
        <context:exclude-filter type="assignable" expression="com.vibesync.common.service.EmailServiceImpl"/>
        <context:exclude-filter type="assignable" expression="com.vibesync.login.service.UserServiceImpl"/>
        </context:component-scan>

    <bean id="transactionManager" class="org.springframework.jdbc.datasource.DataSourceTransactionManager">
        <property name="dataSource" ref="dataSource" />
    </bean>
    <tx:annotation-driven transaction-manager="transactionManager" />

    <bean id="cacheManager" class="org.springframework.cache.support.SimpleCacheManager">
        <property name="caches">
            <set>
                <bean class="org.springframework.cache.concurrent.ConcurrentMapCacheFactoryBean">
                    <property name="name" value="categories"/>
                </bean>
            </set>
        </property>
    </bean>
    <cache:annotation-driven/>

    </beans>